<?xml version="1.0" encoding="UTF-8"?>
<!-- Generated by org.testng.reporters.JUnitXMLReporter -->
<testsuite hostname="N-162" ignored="0" name="Command line test" tests="8" failures="0" timestamp="2020-04-14T10:21:14 ART" time="206.564" errors="0">
  <testcase name="Logueo" time="3.592" classname="testCases.SearchTest"/>
  <testcase name="searchWithNoResults" time="3.404" classname="testCases.SearchTest"/>
  <testcase name="searchWithResults" time="0.119" classname="testCases.SearchTest"/>
  <testcase name="dressesSection" time="8.461" classname="testCases.SectionsTest"/>
  <testcase name="womenSection" time="10.405" classname="testCases.SectionsTest"/>
  <testcase name="searchByInStock" time="0.653" classname="testCases.SelectTest"/>
  <testcase name="searchByLowestFirst" time="1.784" classname="testCases.SelectTest"/>
  <testcase name="searchByNameAtoZ" time="2.235" classname="testCases.SelectTest"/>
</testsuite> <!-- Command line test -->
